07-May-2024 09:33:22.459 INFO [main] org.apache.catalina.startup.VersionLoggerListener.log Nombre de la versión del servidor: Apache Tomcat/10.1.23
07-May-2024 09:33:22.491 INFO [main] org.apache.catalina.startup.VersionLoggerListener.log Server built:                      Apr 16 2024 12:17:18 UTC
07-May-2024 09:33:22.494 INFO [main] org.apache.catalina.startup.VersionLoggerListener.log Número de versión de servidor:     10.1.23.0
07-May-2024 09:33:22.494 INFO [main] org.apache.catalina.startup.VersionLoggerListener.log OS Name:                           Windows 10
07-May-2024 09:33:22.495 INFO [main] org.apache.catalina.startup.VersionLoggerListener.log Versión de Systema Operativo:      10.0
07-May-2024 09:33:22.495 INFO [main] org.apache.catalina.startup.VersionLoggerListener.log Arquitectura:                      amd64
07-May-2024 09:33:22.496 INFO [main] org.apache.catalina.startup.VersionLoggerListener.log Java Home:                         C:\Users\alvar\Desktop\Cursos\SpringCloudKubernetes\jdk-17.0.2
07-May-2024 09:33:22.496 INFO [main] org.apache.catalina.startup.VersionLoggerListener.log JVM Version:                       17.0.2+8-86
07-May-2024 09:33:22.496 INFO [main] org.apache.catalina.startup.VersionLoggerListener.log Vededor JVM:                       Oracle Corporation
07-May-2024 09:33:22.496 INFO [main] org.apache.catalina.startup.VersionLoggerListener.log CATALINA_BASE:                     C:\Users\alvar\Desktop\Spring\apache-tomcat-10.1.23-windows-x64\apache-tomcat-10.1.23
07-May-2024 09:33:22.497 INFO [main] org.apache.catalina.startup.VersionLoggerListener.log CATALINA_HOME:                     C:\Users\alvar\Desktop\Spring\apache-tomcat-10.1.23-windows-x64\apache-tomcat-10.1.23
07-May-2024 09:33:22.541 INFO [main] org.apache.catalina.startup.VersionLoggerListener.log Command line argument:             -Djava.util.logging.config.file=C:/Users/alvar/Desktop/Spring/apache-tomcat-10.1.23-windows-x64/apache-tomcat-10.1.23/conf/logging.properties
07-May-2024 09:33:22.542 INFO [main] org.apache.catalina.startup.VersionLoggerListener.log Command line argument:             -Djava.util.logging.manager=org.apache.juli.ClassLoaderLogManager
07-May-2024 09:33:22.542 INFO [main] org.apache.catalina.startup.VersionLoggerListener.log Command line argument:             -Djdk.tls.ephemeralDHKeySize=2048
07-May-2024 09:33:22.542 INFO [main] org.apache.catalina.startup.VersionLoggerListener.log Command line argument:             -Djava.protocol.handler.pkgs=org.apache.catalina.webresources
07-May-2024 09:33:22.542 INFO [main] org.apache.catalina.startup.VersionLoggerListener.log Command line argument:             -Dorg.apache.catalina.security.SecurityListener.UMASK=0027
07-May-2024 09:33:22.543 INFO [main] org.apache.catalina.startup.VersionLoggerListener.log Command line argument:             --add-opens=java.base/java.lang=ALL-UNNAMED
07-May-2024 09:33:22.543 INFO [main] org.apache.catalina.startup.VersionLoggerListener.log Command line argument:             --add-opens=java.base/java.io=ALL-UNNAMED
07-May-2024 09:33:22.543 INFO [main] org.apache.catalina.startup.VersionLoggerListener.log Command line argument:             --add-opens=java.base/java.util=ALL-UNNAMED
07-May-2024 09:33:22.544 INFO [main] org.apache.catalina.startup.VersionLoggerListener.log Command line argument:             --add-opens=java.base/java.util.concurrent=ALL-UNNAMED
07-May-2024 09:33:22.544 INFO [main] org.apache.catalina.startup.VersionLoggerListener.log Command line argument:             --add-opens=java.rmi/sun.rmi.transport=ALL-UNNAMED
07-May-2024 09:33:22.544 INFO [main] org.apache.catalina.startup.VersionLoggerListener.log Command line argument:             -Dcatalina.base=C:/Users/alvar/Desktop/Spring/apache-tomcat-10.1.23-windows-x64/apache-tomcat-10.1.23
07-May-2024 09:33:22.544 INFO [main] org.apache.catalina.startup.VersionLoggerListener.log Command line argument:             -Dcatalina.home=C:/Users/alvar/Desktop/Spring/apache-tomcat-10.1.23-windows-x64/apache-tomcat-10.1.23
07-May-2024 09:33:22.544 INFO [main] org.apache.catalina.startup.VersionLoggerListener.log Command line argument:             -Djava.io.tmpdir=C:/Users/alvar/Desktop/Spring/apache-tomcat-10.1.23-windows-x64/apache-tomcat-10.1.23/temp
07-May-2024 09:33:22.579 INFO [main] org.apache.catalina.core.AprLifecycleListener.lifecycleEvent Cargada la biblioteca nativa APR de Apache Tomcat [2.0.7] con la versión APR [1.7.4].
07-May-2024 09:33:22.616 INFO [main] org.apache.catalina.core.AprLifecycleListener.initializeSSL OpenSSL inicializado correctamente [OpenSSL 3.0.13 30 Jan 2024]
07-May-2024 09:33:23.834 INFO [main] org.apache.coyote.AbstractProtocol.init Inicializando el manejador de protocolo ["http-nio-8080"]

07-May-2024 09:33:23.977 INFO [main] org.apache.catalina.startup.Catalina.load Server initialization in [2589] milliseconds
07-May-2024 09:33:24.169 INFO [main] org.apache.catalina.core.StandardService.startInternal Arrancando servicio [Catalina]
07-May-2024 09:33:24.169 INFO [main] org.apache.catalina.core.StandardEngine.startInternal Starting Servlet engine: [Apache Tomcat/10.1.23]
07-May-2024 09:33:24.303 INFO [main] org.apache.catalina.startup.HostConfig.deployWAR Despliegue del archivo [C:\Users\alvar\Desktop\Spring\apache-tomcat-10.1.23-windows-x64\apache-tomcat-10.1.23\webapps\springboot-crud.war] de la aplicación web
07-May-2024 09:33:39.830 INFO [main] org.apache.catalina.startup.VersionLoggerListener.log Nombre de la versión del servidor: Apache Tomcat/10.1.23
07-May-2024 09:33:39.879 INFO [main] org.apache.catalina.startup.VersionLoggerListener.log Server built:                      Apr 16 2024 12:17:18 UTC
07-May-2024 09:33:39.880 INFO [main] org.apache.catalina.startup.VersionLoggerListener.log Número de versión de servidor:     10.1.23.0
07-May-2024 09:33:39.880 INFO [main] org.apache.catalina.startup.VersionLoggerListener.log OS Name:                           Windows 10
07-May-2024 09:33:39.881 INFO [main] org.apache.catalina.startup.VersionLoggerListener.log Versión de Systema Operativo:      10.0
07-May-2024 09:33:39.881 INFO [main] org.apache.catalina.startup.VersionLoggerListener.log Arquitectura:                      amd64
07-May-2024 09:33:39.881 INFO [main] org.apache.catalina.startup.VersionLoggerListener.log Java Home:                         C:\Users\alvar\Desktop\Cursos\SpringCloudKubernetes\jdk-17.0.2
07-May-2024 09:33:39.881 INFO [main] org.apache.catalina.startup.VersionLoggerListener.log JVM Version:                       17.0.2+8-86
07-May-2024 09:33:39.881 INFO [main] org.apache.catalina.startup.VersionLoggerListener.log Vededor JVM:                       Oracle Corporation
07-May-2024 09:33:39.881 INFO [main] org.apache.catalina.startup.VersionLoggerListener.log CATALINA_BASE:                     C:\Users\alvar\Desktop\Spring\apache-tomcat-10.1.23-windows-x64\apache-tomcat-10.1.23
07-May-2024 09:33:39.882 INFO [main] org.apache.catalina.startup.VersionLoggerListener.log CATALINA_HOME:                     C:\Users\alvar\Desktop\Spring\apache-tomcat-10.1.23-windows-x64\apache-tomcat-10.1.23
07-May-2024 09:33:40.021 INFO [main] org.apache.catalina.startup.VersionLoggerListener.log Command line argument:             -Djava.util.logging.config.file=C:/Users/alvar/Desktop/Spring/apache-tomcat-10.1.23-windows-x64/apache-tomcat-10.1.23/conf/logging.properties
07-May-2024 09:33:40.022 INFO [main] org.apache.catalina.startup.VersionLoggerListener.log Command line argument:             -Djava.util.logging.manager=org.apache.juli.ClassLoaderLogManager
07-May-2024 09:33:40.022 INFO [main] org.apache.catalina.startup.VersionLoggerListener.log Command line argument:             -Djdk.tls.ephemeralDHKeySize=2048
07-May-2024 09:33:40.022 INFO [main] org.apache.catalina.startup.VersionLoggerListener.log Command line argument:             -Djava.protocol.handler.pkgs=org.apache.catalina.webresources
07-May-2024 09:33:40.022 INFO [main] org.apache.catalina.startup.VersionLoggerListener.log Command line argument:             -Dorg.apache.catalina.security.SecurityListener.UMASK=0027
07-May-2024 09:33:40.022 INFO [main] org.apache.catalina.startup.VersionLoggerListener.log Command line argument:             --add-opens=java.base/java.lang=ALL-UNNAMED
07-May-2024 09:33:40.023 INFO [main] org.apache.catalina.startup.VersionLoggerListener.log Command line argument:             --add-opens=java.base/java.io=ALL-UNNAMED
07-May-2024 09:33:40.023 INFO [main] org.apache.catalina.startup.VersionLoggerListener.log Command line argument:             --add-opens=java.base/java.util=ALL-UNNAMED
07-May-2024 09:33:40.023 INFO [main] org.apache.catalina.startup.VersionLoggerListener.log Command line argument:             --add-opens=java.base/java.util.concurrent=ALL-UNNAMED
07-May-2024 09:33:40.023 INFO [main] org.apache.catalina.startup.VersionLoggerListener.log Command line argument:             --add-opens=java.rmi/sun.rmi.transport=ALL-UNNAMED
07-May-2024 09:33:40.024 INFO [main] org.apache.catalina.startup.VersionLoggerListener.log Command line argument:             -Dcatalina.base=C:/Users/alvar/Desktop/Spring/apache-tomcat-10.1.23-windows-x64/apache-tomcat-10.1.23
07-May-2024 09:33:40.024 INFO [main] org.apache.catalina.startup.VersionLoggerListener.log Command line argument:             -Dcatalina.home=C:/Users/alvar/Desktop/Spring/apache-tomcat-10.1.23-windows-x64/apache-tomcat-10.1.23
07-May-2024 09:33:40.024 INFO [main] org.apache.catalina.startup.VersionLoggerListener.log Command line argument:             -Djava.io.tmpdir=C:/Users/alvar/Desktop/Spring/apache-tomcat-10.1.23-windows-x64/apache-tomcat-10.1.23/temp
07-May-2024 09:33:40.030 INFO [main] org.apache.catalina.core.AprLifecycleListener.lifecycleEvent Cargada la biblioteca nativa APR de Apache Tomcat [2.0.7] con la versión APR [1.7.4].
07-May-2024 09:33:40.057 INFO [main] org.apache.catalina.core.AprLifecycleListener.initializeSSL OpenSSL inicializado correctamente [OpenSSL 3.0.13 30 Jan 2024]
07-May-2024 09:33:41.988 INFO [main] org.apache.coyote.AbstractProtocol.init Inicializando el manejador de protocolo ["http-nio-8080"]

07-May-2024 09:33:42.096 SEVERE [main] org.apache.catalina.util.LifecycleBase.handleSubClassException Fallo al iniciar el componente [Connector["http-nio-8080"]]
	org.apache.catalina.LifecycleException: Falló la inicialización del manejador de protocolo
		at org.apache.catalina.connector.Connector.initInternal(Connector.java:1016)
		at org.apache.catalina.util.LifecycleBase.init(LifecycleBase.java:127)
		at org.apache.catalina.core.StandardService.initInternal(StandardService.java:578)
		at org.apache.catalina.util.LifecycleBase.init(LifecycleBase.java:127)
		at org.apache.catalina.core.StandardServer.initInternal(StandardServer.java:1039)
		at org.apache.catalina.util.LifecycleBase.init(LifecycleBase.java:127)
		at org.apache.catalina.startup.Catalina.load(Catalina.java:708)
		at org.apache.catalina.startup.Catalina.load(Catalina.java:731)
		at java.base/jdk.internal.reflect.NativeMethodAccessorImpl.invoke0(Native Method)
		at java.base/jdk.internal.reflect.NativeMethodAccessorImpl.invoke(NativeMethodAccessorImpl.java:77)
		at java.base/jdk.internal.reflect.DelegatingMethodAccessorImpl.invoke(DelegatingMethodAccessorImpl.java:43)
		at java.base/java.lang.reflect.Method.invoke(Method.java:568)
		at org.apache.catalina.startup.Bootstrap.load(Bootstrap.java:302)
		at org.apache.catalina.startup.Bootstrap.main(Bootstrap.java:472)
	Caused by: java.net.BindException: Address already in use: bind
		at java.base/sun.nio.ch.Net.bind0(Native Method)
		at java.base/sun.nio.ch.Net.bind(Net.java:555)
		at java.base/sun.nio.ch.ServerSocketChannelImpl.netBind(ServerSocketChannelImpl.java:337)
		at java.base/sun.nio.ch.ServerSocketChannelImpl.bind(ServerSocketChannelImpl.java:294)
		at org.apache.tomcat.util.net.NioEndpoint.initServerSocket(NioEndpoint.java:239)
		at org.apache.tomcat.util.net.NioEndpoint.bind(NioEndpoint.java:194)
		at org.apache.tomcat.util.net.AbstractEndpoint.bindWithCleanup(AbstractEndpoint.java:1307)
		at org.apache.tomcat.util.net.AbstractEndpoint.init(AbstractEndpoint.java:1320)
		at org.apache.coyote.AbstractProtocol.init(AbstractProtocol.java:624)
		at org.apache.coyote.http11.AbstractHttp11Protocol.init(AbstractHttp11Protocol.java:77)
		at org.apache.catalina.connector.Connector.initInternal(Connector.java:1014)
		... 13 more
07-May-2024 09:33:42.098 INFO [main] org.apache.catalina.startup.Catalina.load Server initialization in [3319] milliseconds
07-May-2024 09:33:42.490 INFO [main] org.apache.catalina.core.StandardService.startInternal Arrancando servicio [Catalina]
07-May-2024 09:33:42.490 INFO [main] org.apache.catalina.core.StandardEngine.startInternal Starting Servlet engine: [Apache Tomcat/10.1.23]
07-May-2024 09:33:42.698 INFO [main] org.apache.catalina.startup.HostConfig.deployWAR Despliegue del archivo [C:\Users\alvar\Desktop\Spring\apache-tomcat-10.1.23-windows-x64\apache-tomcat-10.1.23\webapps\springboot-crud.war] de la aplicación web
07-May-2024 09:34:12.279 INFO [main] org.apache.jasper.servlet.TldScanner.scanJars Al menos un JAR, que se ha explorado buscando TLDs, aún no contenía TLDs. Activar historial de depuración para este historiador para una completa lista de los JARs que fueron explorados y de los que nos se halló TLDs. Saltarse JARs no necesarios durante la exploración puede dar lugar a una mejora de tiempo significativa en el arranque y compilación de JSP .
07-May-2024 09:34:17.172 INFO [main] org.apache.jasper.servlet.TldScanner.scanJars Al menos un JAR, que se ha explorado buscando TLDs, aún no contenía TLDs. Activar historial de depuración para este historiador para una completa lista de los JARs que fueron explorados y de los que nos se halló TLDs. Saltarse JARs no necesarios durante la exploración puede dar lugar a una mejora de tiempo significativa en el arranque y compilación de JSP .
07-May-2024 09:36:15.613 WARNING [main] org.apache.catalina.util.SessionIdGeneratorBase.createSecureRandom Creation of SecureRandom instance for session ID generation using [SHA1PRNG] took [415] milliseconds.
07-May-2024 09:36:15.698 INFO [main] org.apache.catalina.startup.HostConfig.deployWAR Deployment of web application archive [C:\Users\alvar\Desktop\Spring\apache-tomcat-10.1.23-windows-x64\apache-tomcat-10.1.23\webapps\springboot-crud.war] has finished in [171.393] ms
07-May-2024 09:36:15.700 INFO [main] org.apache.catalina.startup.HostConfig.deployDirectory Desplegando el directorio [C:\Users\alvar\Desktop\Spring\apache-tomcat-10.1.23-windows-x64\apache-tomcat-10.1.23\webapps\docs] de la aplicación web
07-May-2024 09:36:15.912 INFO [main] org.apache.catalina.startup.HostConfig.deployDirectory Deployment of web application directory [C:\Users\alvar\Desktop\Spring\apache-tomcat-10.1.23-windows-x64\apache-tomcat-10.1.23\webapps\docs] has finished in [212] ms
07-May-2024 09:36:15.914 INFO [main] org.apache.catalina.startup.HostConfig.deployDirectory Desplegando el directorio [C:\Users\alvar\Desktop\Spring\apache-tomcat-10.1.23-windows-x64\apache-tomcat-10.1.23\webapps\examples] de la aplicación web
07-May-2024 09:36:23.177 INFO [main] org.apache.catalina.startup.HostConfig.deployDirectory Deployment of web application directory [C:\Users\alvar\Desktop\Spring\apache-tomcat-10.1.23-windows-x64\apache-tomcat-10.1.23\webapps\examples] has finished in [7.262] ms
07-May-2024 09:36:23.183 INFO [main] org.apache.catalina.startup.HostConfig.deployDirectory Desplegando el directorio [C:\Users\alvar\Desktop\Spring\apache-tomcat-10.1.23-windows-x64\apache-tomcat-10.1.23\webapps\host-manager] de la aplicación web
07-May-2024 09:36:23.647 INFO [main] org.apache.catalina.startup.HostConfig.deployDirectory Deployment of web application directory [C:\Users\alvar\Desktop\Spring\apache-tomcat-10.1.23-windows-x64\apache-tomcat-10.1.23\webapps\host-manager] has finished in [469] ms
07-May-2024 09:36:23.651 INFO [main] org.apache.catalina.startup.HostConfig.deployDirectory Desplegando el directorio [C:\Users\alvar\Desktop\Spring\apache-tomcat-10.1.23-windows-x64\apache-tomcat-10.1.23\webapps\manager] de la aplicación web
07-May-2024 09:36:24.006 INFO [main] org.apache.catalina.startup.HostConfig.deployDirectory Deployment of web application directory [C:\Users\alvar\Desktop\Spring\apache-tomcat-10.1.23-windows-x64\apache-tomcat-10.1.23\webapps\manager] has finished in [354] ms
07-May-2024 09:36:24.007 INFO [main] org.apache.catalina.startup.HostConfig.deployDirectory Desplegando el directorio [C:\Users\alvar\Desktop\Spring\apache-tomcat-10.1.23-windows-x64\apache-tomcat-10.1.23\webapps\ROOT] de la aplicación web
07-May-2024 09:36:24.341 INFO [main] org.apache.catalina.startup.HostConfig.deployDirectory Deployment of web application directory [C:\Users\alvar\Desktop\Spring\apache-tomcat-10.1.23-windows-x64\apache-tomcat-10.1.23\webapps\ROOT] has finished in [334] ms
07-May-2024 09:36:24.391 INFO [main] org.apache.coyote.AbstractProtocol.start Starting ProtocolHandler ["http-nio-8080"]
07-May-2024 09:36:26.915 WARNING [main] org.apache.catalina.util.SessionIdGeneratorBase.createSecureRandom Creation of SecureRandom instance for session ID generation using [SHA1PRNG] took [327] milliseconds.
07-May-2024 09:36:27.097 INFO [main] org.apache.catalina.startup.HostConfig.deployWAR Deployment of web application archive [C:\Users\alvar\Desktop\Spring\apache-tomcat-10.1.23-windows-x64\apache-tomcat-10.1.23\webapps\springboot-crud.war] has finished in [164.397] ms
07-May-2024 09:36:27.099 INFO [main] org.apache.catalina.startup.HostConfig.deployDirectory Desplegando el directorio [C:\Users\alvar\Desktop\Spring\apache-tomcat-10.1.23-windows-x64\apache-tomcat-10.1.23\webapps\docs] de la aplicación web
07-May-2024 09:36:27.476 INFO [main] org.apache.catalina.startup.HostConfig.deployDirectory Deployment of web application directory [C:\Users\alvar\Desktop\Spring\apache-tomcat-10.1.23-windows-x64\apache-tomcat-10.1.23\webapps\docs] has finished in [376] ms
07-May-2024 09:36:27.477 INFO [main] org.apache.catalina.startup.HostConfig.deployDirectory Desplegando el directorio [C:\Users\alvar\Desktop\Spring\apache-tomcat-10.1.23-windows-x64\apache-tomcat-10.1.23\webapps\examples] de la aplicación web
07-May-2024 09:36:29.845 INFO [main] org.apache.catalina.startup.Catalina.start Server startup in [185867] milliseconds
07-May-2024 09:36:31.732 INFO [main] org.apache.catalina.startup.HostConfig.deployDirectory Deployment of web application directory [C:\Users\alvar\Desktop\Spring\apache-tomcat-10.1.23-windows-x64\apache-tomcat-10.1.23\webapps\examples] has finished in [4.256] ms
07-May-2024 09:36:31.749 INFO [main] org.apache.catalina.startup.HostConfig.deployDirectory Desplegando el directorio [C:\Users\alvar\Desktop\Spring\apache-tomcat-10.1.23-windows-x64\apache-tomcat-10.1.23\webapps\host-manager] de la aplicación web
07-May-2024 09:36:32.150 INFO [main] org.apache.catalina.startup.HostConfig.deployDirectory Deployment of web application directory [C:\Users\alvar\Desktop\Spring\apache-tomcat-10.1.23-windows-x64\apache-tomcat-10.1.23\webapps\host-manager] has finished in [342] ms
07-May-2024 09:36:32.155 INFO [main] org.apache.catalina.startup.HostConfig.deployDirectory Desplegando el directorio [C:\Users\alvar\Desktop\Spring\apache-tomcat-10.1.23-windows-x64\apache-tomcat-10.1.23\webapps\manager] de la aplicación web
07-May-2024 09:36:32.366 INFO [main] org.apache.catalina.startup.HostConfig.deployDirectory Deployment of web application directory [C:\Users\alvar\Desktop\Spring\apache-tomcat-10.1.23-windows-x64\apache-tomcat-10.1.23\webapps\manager] has finished in [213] ms
07-May-2024 09:36:32.367 INFO [main] org.apache.catalina.startup.HostConfig.deployDirectory Desplegando el directorio [C:\Users\alvar\Desktop\Spring\apache-tomcat-10.1.23-windows-x64\apache-tomcat-10.1.23\webapps\ROOT] de la aplicación web
07-May-2024 09:36:32.490 INFO [main] org.apache.catalina.startup.HostConfig.deployDirectory Deployment of web application directory [C:\Users\alvar\Desktop\Spring\apache-tomcat-10.1.23-windows-x64\apache-tomcat-10.1.23\webapps\ROOT] has finished in [120] ms
07-May-2024 09:36:32.568 INFO [main] org.apache.catalina.startup.Catalina.start Server startup in [170468] milliseconds
07-May-2024 09:36:32.573 SEVERE [main] org.apache.catalina.core.StandardServer.await Failed to create server shutdown socket on address [localhost] and port [8005] (base port [8005] and offset [0])
	java.net.BindException: Address already in use: bind
		at java.base/sun.nio.ch.Net.bind0(Native Method)
		at java.base/sun.nio.ch.Net.bind(Net.java:555)
		at java.base/sun.nio.ch.Net.bind(Net.java:544)
		at java.base/sun.nio.ch.NioSocketImpl.bind(NioSocketImpl.java:643)
		at java.base/java.net.ServerSocket.bind(ServerSocket.java:388)
		at java.base/java.net.ServerSocket.<init>(ServerSocket.java:274)
		at org.apache.catalina.core.StandardServer.await(StandardServer.java:587)
		at org.apache.catalina.startup.Catalina.await(Catalina.java:847)
		at org.apache.catalina.startup.Catalina.start(Catalina.java:795)
		at java.base/jdk.internal.reflect.NativeMethodAccessorImpl.invoke0(Native Method)
		at java.base/jdk.internal.reflect.NativeMethodAccessorImpl.invoke(NativeMethodAccessorImpl.java:77)
		at java.base/jdk.internal.reflect.DelegatingMethodAccessorImpl.invoke(DelegatingMethodAccessorImpl.java:43)
		at java.base/java.lang.reflect.Method.invoke(Method.java:568)
		at org.apache.catalina.startup.Bootstrap.start(Bootstrap.java:345)
		at org.apache.catalina.startup.Bootstrap.main(Bootstrap.java:473)
07-May-2024 09:36:32.574 INFO [main] org.apache.coyote.AbstractProtocol.pause Pausing ProtocolHandler ["http-nio-8080"]
07-May-2024 09:36:32.575 INFO [main] org.apache.catalina.core.StandardService.stopInternal Parando servicio [Catalina]
07-May-2024 09:36:38.267 WARNING [main] org.apache.catalina.loader.WebappClassLoaderBase.clearReferencesThreads The web application [springboot-crud] appears to have started a thread named [mysql-cj-abandoned-connection-cleanup] but has failed to stop it. This is very likely to create a memory leak. Stack trace of thread:
 java.base@17.0.2/java.lang.Object.wait(Native Method)
 java.base@17.0.2/java.lang.ref.ReferenceQueue.remove(ReferenceQueue.java:155)
 com.mysql.cj.jdbc.AbandonedConnectionCleanupThread.run(AbandonedConnectionCleanupThread.java:93)
 java.base@17.0.2/java.util.concurrent.ThreadPoolExecutor.runWorker(ThreadPoolExecutor.java:1136)
 java.base@17.0.2/java.util.concurrent.ThreadPoolExecutor$Worker.run(ThreadPoolExecutor.java:635)
 java.base@17.0.2/java.lang.Thread.run(Thread.java:833)
07-May-2024 09:36:38.326 INFO [main] org.apache.coyote.AbstractProtocol.stop Stopping ProtocolHandler ["http-nio-8080"]
07-May-2024 09:36:38.330 INFO [main] org.apache.coyote.AbstractProtocol.destroy Destroying ProtocolHandler ["http-nio-8080"]
